<?xml version="1.0" encoding="UTF-8"?>
<!-- Generated by org.testng.reporters.JUnitXMLReporter -->
<testsuite ignored="0" hostname="DESKTOP-9N6VRCR" failures="0" tests="2" name="Test-Runner=1" time="0.18" errors="0" timestamp="2023-11-22T10:32:57 IST">
  <testcase classname="com.hms.GenericUtils.BaseClass" name="@BeforeMethod config_bm" time="0.003">
    <failure type="java.lang.NullPointerException" message="Cannot invoke &amp;quot;org.openqa.selenium.WebDriver.get(String)&amp;quot; because &amp;quot;this.driver&amp;quot; is null">
      <![CDATA[java.lang.NullPointerException: Cannot invoke "org.openqa.selenium.WebDriver.get(String)" because "this.driver" is null
at com.hms.GenericUtils.BaseClass.config_bm(BaseClass.java:63)
at java.base/java.util.ArrayList.forEach(ArrayList.java:1511)
at java.base/java.util.concurrent.FutureTask.run(FutureTask.java:264)
at java.base/java.util.concurrent.ThreadPoolExecutor.runWorker(ThreadPoolExecutor.java:1136)
at java.base/java.util.concurrent.ThreadPoolExecutor$Worker.run(ThreadPoolExecutor.java:635)
at java.base/java.lang.Thread.run(Thread.java:840)
... Removed 21 stack frames]]>
    </failure>
  </testcase> <!-- @BeforeMethod config_bm -->
  <testcase classname="com.hms.GenericUtils.BaseClass" name="@BeforeMethod config_bm" time="0.002">
    <failure type="java.lang.NullPointerException" message="Cannot invoke &amp;quot;org.openqa.selenium.WebDriver.get(String)&amp;quot; because &amp;quot;this.driver&amp;quot; is null">
      <![CDATA[java.lang.NullPointerException: Cannot invoke "org.openqa.selenium.WebDriver.get(String)" because "this.driver" is null
at com.hms.GenericUtils.BaseClass.config_bm(BaseClass.java:63)
at java.base/java.util.ArrayList.forEach(ArrayList.java:1511)
at java.base/java.util.concurrent.FutureTask.run(FutureTask.java:264)
at java.base/java.util.concurrent.ThreadPoolExecutor.runWorker(ThreadPoolExecutor.java:1136)
at java.base/java.util.concurrent.ThreadPoolExecutor$Worker.run(ThreadPoolExecutor.java:635)
at java.base/java.lang.Thread.run(Thread.java:840)
... Removed 21 stack frames]]>
    </failure>
  </testcase> <!-- @BeforeMethod config_bm -->
  <testcase classname="com.hms.GenericUtils.BaseClass" name="@AfterMethod config_am" time="0.0">
    <skipped/>
  </testcase> <!-- @AfterMethod config_am -->
  <testcase classname="com.hms.GenericUtils.BaseClass" name="@BeforeMethod config_bm" time="0.0">
    <skipped/>
  </testcase> <!-- @BeforeMethod config_bm -->
  <testcase classname="com.hms.GenericUtils.BaseClass" name="@AfterMethod config_am" time="0.0">
    <skipped/>
  </testcase> <!-- @AfterMethod config_am -->
  <testcase classname="com.hms.GenericUtils.BaseClass" name="@BeforeMethod config_bm" time="0.0">
    <skipped/>
  </testcase> <!-- @BeforeMethod config_bm -->
  <testcase classname="com.hms.GenericUtils.BaseClass" name="@AfterMethod config_am" time="0.0">
    <skipped/>
  </testcase> <!-- @AfterMethod config_am -->
  <testcase classname="com.hms.GenericUtils.BaseClass" name="@AfterMethod config_am" time="0.0">
    <skipped/>
  </testcase> <!-- @AfterMethod config_am -->
  <testcase classname="testngtests.Demo" name="continu1" time="0.0">
    <skipped/>
  </testcase> <!-- continu1 -->
  <testcase classname="testngtests.Demo" name="start" time="0.0">
    <skipped/>
  </testcase> <!-- start -->
</testsuite> <!-- Test-Runner=1 -->
